<?xml version="1.0" encoding="UTF-8"?>
<!-- Generated by org.testng.reporters.JUnitReportReporter -->
<testsuite hostname="DESKTOP-N4NT2FP" failures="0" tests="4" name="TestNG2.NewTest" time="0.011" errors="0" timestamp="2025-07-29T20:04:56 IST" skipped="0">
  <testcase classname="TestNG2.NewTest" name="testCase2" time="0.001"/>
  <testcase classname="TestNG2.NewTest" name="testCase1" time="0.006"/>
  <testcase classname="TestNG2.NewTest" name="testCase3" time="0.002"/>
  <testcase classname="TestNG2.NewTest" name="testCase4" time="0.002"/>
</testsuite> <!-- TestNG2.NewTest -->
