<?xml version="1.0" encoding="UTF-8"?>
<!-- Generated by org.testng.reporters.JUnitReportReporter -->
<testsuite hostname="DESKTOP-N4NT2FP" failures="0" tests="5" name="dec22_testNGAttribute.NewTest1" time="0.014" errors="0" timestamp="2025-07-30T11:12:09 IST" skipped="1">
  <testcase classname="dec22_testNGAttribute.NewTest1" name="test3" time="0.010"/>
  <testcase classname="dec22_testNGAttribute.NewTest1" name="test2" time="0.001"/>
  <testcase classname="dec22_testNGAttribute.NewTest1" name="test2" time="0.002"/>
  <testcase classname="dec22_testNGAttribute.NewTest1" name="test2" time="0.001"/>
  <testcase classname="dec22_testNGAttribute.NewTest1" name="test1">
    <skipped/>
  </testcase> <!-- test1 -->
</testsuite> <!-- dec22_testNGAttribute.NewTest1 -->
