<?xml version="1.0" encoding="UTF-8"?>
<!-- Generated by org.testng.reporters.JUnitReportReporter -->
<testsuite hostname="DESKTOP-N4NT2FP" failures="0" tests="3" name="dec22_testNGAttribute.NewTest3" time="0.011" errors="0" timestamp="2025-07-30T11:36:57 IST" skipped="1">
  <testcase classname="dec22_testNGAttribute.NewTest3" name="test3" time="0.011"/>
  <testcase classname="dec22_testNGAttribute.NewTest3" name="test2" time="0.000"/>
  <testcase classname="dec22_testNGAttribute.NewTest3" name="test1">
    <skipped/>
  </testcase> <!-- test1 -->
</testsuite> <!-- dec22_testNGAttribute.NewTest3 -->
