<?xml version="1.0" encoding="UTF-8"?>
<!-- Generated by org.testng.reporters.JUnitReportReporter -->
<testsuite hostname="DESKTOP-N4NT2FP" failures="0" tests="3" name="dec23_testNGARRocation.NewTest3" time="0.005" errors="0" timestamp="2025-07-30T18:51:22 IST" skipped="1">
  <testcase classname="dec23_testNGARRocation.NewTest3" name="test3" time="0.003"/>
  <testcase classname="dec23_testNGARRocation.NewTest3" name="test2" time="0.002"/>
  <testcase classname="dec23_testNGARRocation.NewTest3" name="test1">
    <skipped/>
  </testcase> <!-- test1 -->
</testsuite> <!-- dec23_testNGARRocation.NewTest3 -->
