<?xml version="1.0" encoding="UTF-8"?>
<!-- Generated by org.testng.reporters.JUnitReportReporter -->
<testsuite hostname="DESKTOP-N4NT2FP" failures="0" tests="1" name="TestNG.NewTest" time="0.007" errors="0" timestamp="2025-07-29T20:00:28 IST" skipped="0">
  <testcase classname="TestNG.NewTest" name="f" time="0.007"/>
</testsuite> <!-- TestNG.NewTest -->
