<?xml version="1.0" encoding="UTF-8"?>
<!-- Generated by org.testng.reporters.JUnitReportReporter -->
<testsuite hostname="DESKTOP-N4NT2FP" failures="0" tests="8" name="dec23_testNGARRocation.NewTest2" time="0.028" errors="0" timestamp="2025-07-30T18:51:22 IST" skipped="1">
  <testcase classname="dec23_testNGARRocation.NewTest2" name="test5" time="0.002"/>
  <testcase classname="dec23_testNGARRocation.NewTest2" name="test3" time="0.003"/>
  <testcase classname="dec23_testNGARRocation.NewTest2" name="test2" time="0.003"/>
  <testcase classname="dec23_testNGARRocation.NewTest2" name="test2" time="0.003"/>
  <testcase classname="dec23_testNGARRocation.NewTest2" name="test2" time="0.004"/>
  <testcase classname="dec23_testNGARRocation.NewTest2" name="test4" time="0.012"/>
  <testcase classname="dec23_testNGARRocation.NewTest2" name="test6" time="0.001"/>
  <testcase classname="dec23_testNGARRocation.NewTest2" name="test1">
    <skipped/>
  </testcase> <!-- test1 -->
</testsuite> <!-- dec23_testNGARRocation.NewTest2 -->
