<?xml version="1.0" encoding="UTF-8"?>
<!-- Generated by org.testng.reporters.JUnitReportReporter -->
<testsuite hostname="DESKTOP-N4NT2FP" failures="0" tests="2" name="dec23_testNGARRocation.annotation3" time="0.015" errors="0" timestamp="2025-07-30T19:41:52 IST" skipped="0">
  <testcase classname="dec23_testNGARRocation.annotation3" name="testCase2" time="0.009"/>
  <testcase classname="dec23_testNGARRocation.annotation3" name="testCase1" time="0.006"/>
</testsuite> <!-- dec23_testNGARRocation.annotation3 -->
