<?xml version="1.0" encoding="UTF-8"?>
<!-- Generated by org.testng.reporters.JUnitReportReporter -->
<testsuite hostname="DESKTOP-N4NT2FP" failures="0" tests="3" name="dec22_testNGAttribute.validation3" time="9.562" errors="0" timestamp="2025-07-30T12:44:15 IST" skipped="0">
  <testcase classname="dec22_testNGAttribute.validation3" name="testactitimecheckbox" time="6.448"/>
  <testcase classname="dec22_testNGAttribute.validation3" name="testactitimeusernamevalid" time="0.036"/>
  <testcase classname="dec22_testNGAttribute.validation3" name="testactitimeloginassertVALID" time="3.078"/>
</testsuite> <!-- dec22_testNGAttribute.validation3 -->
