<?xml version="1.0" encoding="UTF-8"?>
<!-- Generated by org.testng.reporters.JUnitReportReporter -->
<testsuite hostname="DESKTOP-N4NT2FP" failures="0" tests="3" name="dec23_testNGARRocation.annotation" time="0.008" errors="0" timestamp="2025-07-30T19:35:17 IST" skipped="0">
  <testcase classname="dec23_testNGARRocation.annotation" name="testsace3" time="0.002"/>
  <testcase classname="dec23_testNGARRocation.annotation" name="testsace1" time="0.005"/>
  <testcase classname="dec23_testNGARRocation.annotation" name="testsace2" time="0.001"/>
</testsuite> <!-- dec23_testNGARRocation.annotation -->
